  BFunc.cpp
D:\BigDataonC\BigDataonC\Frontend\Frontend\BFunc.h(8,75): warning C4290: спецификация исключений C++ игнорируется, кроме случая, когда указывается, что функция не является __declspec(nothrow)
D:\BigDataonC\BigDataonC\Frontend\Frontend\BFunc.h(9,47): warning C4290: спецификация исключений C++ игнорируется, кроме случая, когда указывается, что функция не является __declspec(nothrow)
D:\BigDataonC\BigDataonC\Frontend\Frontend\BFunc.h(10,56): warning C4290: спецификация исключений C++ игнорируется, кроме случая, когда указывается, что функция не является __declspec(nothrow)
D:\BigDataonC\BigDataonC\Frontend\Frontend\BFunc.h(11,49): warning C4290: спецификация исключений C++ игнорируется, кроме случая, когда указывается, что функция не является __declspec(nothrow)
D:\BigDataonC\BigDataonC\Frontend\Frontend\BFunc.h(12,61): warning C4290: спецификация исключений C++ игнорируется, кроме случая, когда указывается, что функция не является __declspec(nothrow)
D:\BigDataonC\BigDataonC\Frontend\Frontend\BFunc.h(13,57): warning C4290: спецификация исключений C++ игнорируется, кроме случая, когда указывается, что функция не является __declspec(nothrow)
D:\BigDataonC\BigDataonC\Frontend\Frontend\BFunc.h(14,54): warning C4290: спецификация исключений C++ игнорируется, кроме случая, когда указывается, что функция не является __declspec(nothrow)
D:\BigDataonC\BigDataonC\Frontend\Frontend\BFunc.h(15,74): warning C4290: спецификация исключений C++ игнорируется, кроме случая, когда указывается, что функция не является __declspec(nothrow)
D:\BigDataonC\BigDataonC\Frontend\Frontend\BFunc.h(16,53): warning C4290: спецификация исключений C++ игнорируется, кроме случая, когда указывается, что функция не является __declspec(nothrow)
D:\BigDataonC\BigDataonC\Frontend\Frontend\BFunc.cpp(5,75): warning C4290: спецификация исключений C++ игнорируется, кроме случая, когда указывается, что функция не является __declspec(nothrow)
D:\BigDataonC\BigDataonC\Frontend\Frontend\BFunc.cpp(53,47): warning C4290: спецификация исключений C++ игнорируется, кроме случая, когда указывается, что функция не является __declspec(nothrow)
D:\BigDataonC\BigDataonC\Frontend\Frontend\BFunc.cpp(81,56): warning C4290: спецификация исключений C++ игнорируется, кроме случая, когда указывается, что функция не является __declspec(nothrow)
D:\BigDataonC\BigDataonC\Frontend\Frontend\BFunc.cpp(114,49): warning C4290: спецификация исключений C++ игнорируется, кроме случая, когда указывается, что функция не является __declspec(nothrow)
D:\BigDataonC\BigDataonC\Frontend\Frontend\BFunc.cpp(145,61): warning C4290: спецификация исключений C++ игнорируется, кроме случая, когда указывается, что функция не является __declspec(nothrow)
D:\BigDataonC\BigDataonC\Frontend\Frontend\BFunc.cpp(162,57): warning C4290: спецификация исключений C++ игнорируется, кроме случая, когда указывается, что функция не является __declspec(nothrow)
D:\BigDataonC\BigDataonC\Frontend\Frontend\BFunc.cpp(199,54): warning C4290: спецификация исключений C++ игнорируется, кроме случая, когда указывается, что функция не является __declspec(nothrow)
D:\BigDataonC\BigDataonC\Frontend\Frontend\BFunc.cpp(225,74): warning C4290: спецификация исключений C++ игнорируется, кроме случая, когда указывается, что функция не является __declspec(nothrow)
D:\BigDataonC\BigDataonC\Frontend\Frontend\BFunc.cpp(271,53): warning C4290: спецификация исключений C++ игнорируется, кроме случая, когда указывается, что функция не является __declspec(nothrow)
  InputForm.cpp
D:\BigDataonC\BigDataonC\Frontend\Frontend\BFunc.h(8,75): warning C4290: спецификация исключений C++ игнорируется, кроме случая, когда указывается, что функция не является __declspec(nothrow)
D:\BigDataonC\BigDataonC\Frontend\Frontend\BFunc.h(9,47): warning C4290: спецификация исключений C++ игнорируется, кроме случая, когда указывается, что функция не является __declspec(nothrow)
D:\BigDataonC\BigDataonC\Frontend\Frontend\BFunc.h(10,56): warning C4290: спецификация исключений C++ игнорируется, кроме случая, когда указывается, что функция не является __declspec(nothrow)
D:\BigDataonC\BigDataonC\Frontend\Frontend\BFunc.h(11,49): warning C4290: спецификация исключений C++ игнорируется, кроме случая, когда указывается, что функция не является __declspec(nothrow)
D:\BigDataonC\BigDataonC\Frontend\Frontend\BFunc.h(12,61): warning C4290: спецификация исключений C++ игнорируется, кроме случая, когда указывается, что функция не является __declspec(nothrow)
D:\BigDataonC\BigDataonC\Frontend\Frontend\BFunc.h(13,57): warning C4290: спецификация исключений C++ игнорируется, кроме случая, когда указывается, что функция не является __declspec(nothrow)
D:\BigDataonC\BigDataonC\Frontend\Frontend\BFunc.h(14,54): warning C4290: спецификация исключений C++ игнорируется, кроме случая, когда указывается, что функция не является __declspec(nothrow)
D:\BigDataonC\BigDataonC\Frontend\Frontend\BFunc.h(15,74): warning C4290: спецификация исключений C++ игнорируется, кроме случая, когда указывается, что функция не является __declspec(nothrow)
D:\BigDataonC\BigDataonC\Frontend\Frontend\BFunc.h(16,53): warning C4290: спецификация исключений C++ игнорируется, кроме случая, когда указывается, что функция не является __declspec(nothrow)
  MenuForm.cpp
D:\BigDataonC\BigDataonC\Frontend\Frontend\BFunc.h(8,75): warning C4290: спецификация исключений C++ игнорируется, кроме случая, когда указывается, что функция не является __declspec(nothrow)
D:\BigDataonC\BigDataonC\Frontend\Frontend\BFunc.h(9,47): warning C4290: спецификация исключений C++ игнорируется, кроме случая, когда указывается, что функция не является __declspec(nothrow)
D:\BigDataonC\BigDataonC\Frontend\Frontend\BFunc.h(10,56): warning C4290: спецификация исключений C++ игнорируется, кроме случая, когда указывается, что функция не является __declspec(nothrow)
D:\BigDataonC\BigDataonC\Frontend\Frontend\BFunc.h(11,49): warning C4290: спецификация исключений C++ игнорируется, кроме случая, когда указывается, что функция не является __declspec(nothrow)
D:\BigDataonC\BigDataonC\Frontend\Frontend\BFunc.h(12,61): warning C4290: спецификация исключений C++ игнорируется, кроме случая, когда указывается, что функция не является __declspec(nothrow)
D:\BigDataonC\BigDataonC\Frontend\Frontend\BFunc.h(13,57): warning C4290: спецификация исключений C++ игнорируется, кроме случая, когда указывается, что функция не является __declspec(nothrow)
D:\BigDataonC\BigDataonC\Frontend\Frontend\BFunc.h(14,54): warning C4290: спецификация исключений C++ игнорируется, кроме случая, когда указывается, что функция не является __declspec(nothrow)
D:\BigDataonC\BigDataonC\Frontend\Frontend\BFunc.h(15,74): warning C4290: спецификация исключений C++ игнорируется, кроме случая, когда указывается, что функция не является __declspec(nothrow)
D:\BigDataonC\BigDataonC\Frontend\Frontend\BFunc.h(16,53): warning C4290: спецификация исключений C++ игнорируется, кроме случая, когда указывается, что функция не является __declspec(nothrow)
D:\BigDataonC\BigDataonC\Frontend\Frontend\MenuForm.cpp(9,1): warning C4829: Возможно, неправильные параметры функции main. Рекомендуемый вариант - "int main(Platform::Array<Platform::String^>^ argv)"
  SavingForm.cpp
D:\BigDataonC\BigDataonC\Frontend\Frontend\BFunc.h(8,75): warning C4290: спецификация исключений C++ игнорируется, кроме случая, когда указывается, что функция не является __declspec(nothrow)
D:\BigDataonC\BigDataonC\Frontend\Frontend\BFunc.h(9,47): warning C4290: спецификация исключений C++ игнорируется, кроме случая, когда указывается, что функция не является __declspec(nothrow)
D:\BigDataonC\BigDataonC\Frontend\Frontend\BFunc.h(10,56): warning C4290: спецификация исключений C++ игнорируется, кроме случая, когда указывается, что функция не является __declspec(nothrow)
D:\BigDataonC\BigDataonC\Frontend\Frontend\BFunc.h(11,49): warning C4290: спецификация исключений C++ игнорируется, кроме случая, когда указывается, что функция не является __declspec(nothrow)
D:\BigDataonC\BigDataonC\Frontend\Frontend\BFunc.h(12,61): warning C4290: спецификация исключений C++ игнорируется, кроме случая, когда указывается, что функция не является __declspec(nothrow)
D:\BigDataonC\BigDataonC\Frontend\Frontend\BFunc.h(13,57): warning C4290: спецификация исключений C++ игнорируется, кроме случая, когда указывается, что функция не является __declspec(nothrow)
D:\BigDataonC\BigDataonC\Frontend\Frontend\BFunc.h(14,54): warning C4290: спецификация исключений C++ игнорируется, кроме случая, когда указывается, что функция не является __declspec(nothrow)
D:\BigDataonC\BigDataonC\Frontend\Frontend\BFunc.h(15,74): warning C4290: спецификация исключений C++ игнорируется, кроме случая, когда указывается, что функция не является __declspec(nothrow)
D:\BigDataonC\BigDataonC\Frontend\Frontend\BFunc.h(16,53): warning C4290: спецификация исключений C++ игнорируется, кроме случая, когда указывается, что функция не является __declspec(nothrow)
  Создание кода...
D:\BigDataonC\BigDataonC\Frontend\Frontend\BFunc.cpp(375): warning C4172: возвращение адреса локальной или временной переменной : n_s
  AboutForm.obj : обнаружен модуль MSIL; для MSIL последовательная компоновка отключена; выполняется полная компоновка
  Frontend.vcxproj -> D:\BigDataonC\BigDataonC\Frontend\x64\Debug\Frontend.exe
